{"level":"error","message":"[Mon, 09 May 2022 09:10:52 GMT] [/api/login]Error [ERR_HTTP_HEADERS_SENT]: Cannot set headers after they are sent to the client","service":"user-service"}
{"level":"error","message":"[Mon, 09 May 2022 09:10:51 GMT] [/api/login]Error [ERR_HTTP_HEADERS_SENT]: Cannot set headers after they are sent to the client","service":"user-service"}
{"level":"error","message":"[Mon, 09 May 2022 09:11:05 GMT] [/api/login]Error [ERR_HTTP_HEADERS_SENT]: Cannot set headers after they are sent to the client","service":"user-service"}
{"level":"error","message":"[Mon, 09 May 2022 09:11:27 GMT] [/api/login]Error [ERR_HTTP_HEADERS_SENT]: Cannot set headers after they are sent to the client","service":"user-service"}
{"level":"error","message":"[Mon, 09 May 2022 09:11:41 GMT] [/api/login]Error [ERR_HTTP_HEADERS_SENT]: Cannot set headers after they are sent to the client","service":"user-service"}
{"level":"error","message":"[Mon, 09 May 2022 09:11:53 GMT] [/api/login]Error [ERR_HTTP_HEADERS_SENT]: Cannot set headers after they are sent to the client","service":"user-service"}
{"level":"error","message":"[Mon, 09 May 2022 09:33:14 GMT] [/api/login]Error [ERR_HTTP_HEADERS_SENT]: Cannot set headers after they are sent to the client","service":"user-service"}
{"level":"error","message":"[Mon, 09 May 2022 09:33:25 GMT] [/api/login]Error [ERR_HTTP_HEADERS_SENT]: Cannot set headers after they are sent to the client","service":"user-service"}
{"level":"error","message":"[Mon, 09 May 2022 09:33:45 GMT] [/api/login]Error [ERR_HTTP_HEADERS_SENT]: Cannot set headers after they are sent to the client","service":"user-service"}
{"level":"error","message":"[Mon, 09 May 2022 09:34:08 GMT] [/api/login]Error [ERR_HTTP_HEADERS_SENT]: Cannot set headers after they are sent to the client","service":"user-service"}
{"level":"error","message":"[Mon, 09 May 2022 09:34:06 GMT] [/api/login]Error [ERR_HTTP_HEADERS_SENT]: Cannot set headers after they are sent to the client","service":"user-service"}
{"level":"error","message":"[Mon, 09 May 2022 09:34:06 GMT] [/api/login]Error [ERR_HTTP_HEADERS_SENT]: Cannot set headers after they are sent to the client","service":"user-service"}
{"level":"error","message":"[Mon, 09 May 2022 09:34:06 GMT] [/api/login]Error [ERR_HTTP_HEADERS_SENT]: Cannot set headers after they are sent to the client","service":"user-service"}
{"level":"error","message":"[Mon, 09 May 2022 10:08:56 GMT] [/api/login]Error [ERR_HTTP_HEADERS_SENT]: Cannot set headers after they are sent to the client","service":"user-service"}
{"level":"error","message":"[Mon, 09 May 2022 10:08:56 GMT] [/api/login]Error [ERR_HTTP_HEADERS_SENT]: Cannot set headers after they are sent to the client","service":"user-service"}
{"level":"error","message":"[Mon, 09 May 2022 10:09:49 GMT] [/api/login]Error [ERR_HTTP_HEADERS_SENT]: Cannot set headers after they are sent to the client","service":"user-service"}
{"level":"error","message":"[Mon, 09 May 2022 10:09:49 GMT] [/api/login]Error [ERR_HTTP_HEADERS_SENT]: Cannot set headers after they are sent to the client","service":"user-service"}
{"level":"error","message":"[Mon, 09 May 2022 10:10:33 GMT] [/api/login]Error [ERR_HTTP_HEADERS_SENT]: Cannot set headers after they are sent to the client","service":"user-service"}
{"level":"error","message":"[Mon, 09 May 2022 10:28:31 GMT] [/api/register]MongoServerError: E11000 duplicate key error collection: project.user-data index: email_1 dup key: { email: \"meet@gmail.com\" }","service":"user-service"}
{"code":"ENOTFOUND","hostname":"_mongodb._tcp.cluster0.ul47x.mongodb.net","level":"error","message":"[Fri, 25 Nov 2022 15:18:28 GMT] DB CONNECTION ERROR querySrv ENOTFOUND _mongodb._tcp.cluster0.ul47x.mongodb.net","service":"user-service","stack":"Error: querySrv ENOTFOUND _mongodb._tcp.cluster0.ul47x.mongodb.net\n    at QueryReqWrap.onresolve [as oncomplete] (node:dns:255:19)","syscall":"querySrv"}
{"level":"error","message":"[Fri, 25 Nov 2022 18:13:18 GMT] [/api/register]MongoServerError: E11000 duplicate key error collection: test.user-data index: email_1 dup key: { email: \"anuj@gmail.com\" }","service":"user-service"}
{"level":"error","message":"[Fri, 25 Nov 2022 18:16:01 GMT] [/api/register]MongoServerError: E11000 duplicate key error collection: test.user-data index: email_1 dup key: { email: \"mp32445@gmail.com\" }","service":"user-service"}
{"level":"error","message":"[Fri, 25 Nov 2022 18:17:13 GMT] [/api/register]MongoServerError: E11000 duplicate key error collection: test.user-data index: email_1 dup key: { email: \"mp32445@gmail.com\" }","service":"user-service"}
{"level":"error","message":"[Fri, 25 Nov 2022 18:18:06 GMT] [/api/register]MongoServerError: E11000 duplicate key error collection: test.user-data index: email_1 dup key: { email: \"mp32445@gmail.com\" }","service":"user-service"}
{"level":"error","message":"[Fri, 25 Nov 2022 18:18:23 GMT] [/api/register]MongoServerError: E11000 duplicate key error collection: test.user-data index: email_1 dup key: { email: \"mp32445@gmail.com\" }","service":"user-service"}
{"level":"error","message":"[Fri, 25 Nov 2022 18:54:02 GMT] [/api/register]MongoServerError: E11000 duplicate key error collection: test.user-data index: email_1 dup key: { email: \"mp32445@gmail.com\" }","service":"user-service"}
{"level":"error","message":"[Fri, 25 Nov 2022 18:54:22 GMT] [/api/register]MongoServerError: E11000 duplicate key error collection: test.user-data index: email_1 dup key: { email: \"anuj@gmail.com\" }","service":"user-service"}
{"level":"error","message":"[Fri, 25 Nov 2022 18:54:22 GMT] [/api/register]MongoServerError: E11000 duplicate key error collection: test.user-data index: email_1 dup key: { email: \"mp32445@gmail.com\" }","service":"user-service"}
{"level":"error","message":"[Fri, 25 Nov 2022 18:57:42 GMT] [/api/register]MongoServerError: E11000 duplicate key error collection: test.user-data index: email_1 dup key: { email: \"mp32445@gmail.com\" }","service":"user-service"}
{"level":"error","message":"[Mon, 28 Nov 2022 09:38:23 GMT] [/api/register]MongoServerError: E11000 duplicate key error collection: test.user-data index: email_1 dup key: { email: \"mp32445@gmail.com\" }","service":"user-service"}
